[debug] [2026-02-22T22:47:53.757Z] ----------------------------------------------------------------------
[debug] [2026-02-22T22:47:53.762Z] Command:       /Users/tshidisomodiko/.nvm/versions/node/v24.5.0/bin/node /usr/local/bin/firebase deploy
[debug] [2026-02-22T22:47:53.762Z] CLI Version:   12.4.8
[debug] [2026-02-22T22:47:53.762Z] Platform:      darwin
[debug] [2026-02-22T22:47:53.762Z] Node Version:  v24.5.0
[debug] [2026-02-22T22:47:53.762Z] Time:          Mon Feb 23 2026 00:47:53 GMT+0200 (South Africa Standard Time)
[debug] [2026-02-22T22:47:53.762Z] ----------------------------------------------------------------------
[debug] 
[debug] [2026-02-22T22:47:53.763Z] >>> [apiv2][query] GET https://firebase-public.firebaseio.com/cli.json [none]
[debug] [2026-02-22T22:47:53.807Z] > command requires scopes: ["email","openid","https://www.googleapis.com/auth/cloudplatformprojects.readonly","https://www.googleapis.com/auth/firebase","https://www.googleapis.com/auth/cloud-platform"]
[debug] [2026-02-22T22:47:53.807Z] > authorizing via signed-in user (tshidisomodiko@gmail.com)
[debug] [2026-02-22T22:47:53.807Z] [iam] checking project study-buddy-bceaf for permissions ["firebase.projects.get","firebasehosting.sites.update"]
[debug] [2026-02-22T22:47:53.808Z] > refreshing access token with scopes: []
[debug] [2026-02-22T22:47:53.808Z] >>> [apiv2][query] POST https://www.googleapis.com/oauth2/v3/token [none]
[debug] [2026-02-22T22:47:53.808Z] >>> [apiv2][body] POST https://www.googleapis.com/oauth2/v3/token [omitted]
[debug] [2026-02-22T22:47:54.566Z] <<< [apiv2][status] POST https://www.googleapis.com/oauth2/v3/token 200
[debug] [2026-02-22T22:47:54.566Z] <<< [apiv2][body] POST https://www.googleapis.com/oauth2/v3/token [omitted]
[debug] [2026-02-22T22:47:54.580Z] >>> [apiv2][query] POST https://cloudresourcemanager.googleapis.com/v1/projects/study-buddy-bceaf:testIamPermissions [none]
[debug] [2026-02-22T22:47:54.580Z] >>> [apiv2][(partial)header] POST https://cloudresourcemanager.googleapis.com/v1/projects/study-buddy-bceaf:testIamPermissions x-goog-quota-user=projects/study-buddy-bceaf
[debug] [2026-02-22T22:47:54.580Z] >>> [apiv2][body] POST https://cloudresourcemanager.googleapis.com/v1/projects/study-buddy-bceaf:testIamPermissions {"permissions":["firebase.projects.get","firebasehosting.sites.update"]}
[debug] [2026-02-22T22:47:54.917Z] <<< [apiv2][status] GET https://firebase-public.firebaseio.com/cli.json 200
[debug] [2026-02-22T22:47:54.917Z] <<< [apiv2][body] GET https://firebase-public.firebaseio.com/cli.json {"cloudBuildErrorAfter":1594252800000,"cloudBuildWarnAfter":1590019200000,"defaultNode10After":1594252800000,"minVersion":"3.0.5","node8DeploysDisabledAfter":1613390400000,"node8RuntimeDisabledAfter":1615809600000,"node8WarnAfter":1600128000000}
[debug] [2026-02-22T22:47:56.689Z] <<< [apiv2][status] POST https://cloudresourcemanager.googleapis.com/v1/projects/study-buddy-bceaf:testIamPermissions 200
[debug] [2026-02-22T22:47:56.689Z] <<< [apiv2][body] POST https://cloudresourcemanager.googleapis.com/v1/projects/study-buddy-bceaf:testIamPermissions {"permissions":["firebase.projects.get","firebasehosting.sites.update"]}
[debug] [2026-02-22T22:47:56.689Z] >>> [apiv2][query] GET https://firebase.googleapis.com/v1beta1/projects/study-buddy-bceaf [none]
[debug] [2026-02-22T22:47:57.771Z] <<< [apiv2][status] GET https://firebase.googleapis.com/v1beta1/projects/study-buddy-bceaf 200
[debug] [2026-02-22T22:47:57.771Z] <<< [apiv2][body] GET https://firebase.googleapis.com/v1beta1/projects/study-buddy-bceaf {"projectId":"study-buddy-bceaf","projectNumber":"680059336558","displayName":"Study-Buddy","name":"projects/study-buddy-bceaf","resources":{"hostingSite":"study-buddy-bceaf","realtimeDatabaseInstance":"study-buddy-bceaf-default-rtdb","locationId":"us-central"},"state":"ACTIVE","etag":"1_979df285-4d31-411e-b8d1-7acc957f76f1"}
[info] 
[info] === Deploying to 'study-buddy-bceaf'...
[info] 
[info] i  deploying hosting 
[debug] [2026-02-22T22:47:57.773Z] >>> [apiv2][query] POST https://firebasehosting.googleapis.com/v1beta1/projects/-/sites/study-buddy-bceaf/versions [none]
[debug] [2026-02-22T22:47:57.773Z] >>> [apiv2][body] POST https://firebasehosting.googleapis.com/v1beta1/projects/-/sites/study-buddy-bceaf/versions {"status":"CREATED","labels":{"deployment-tool":"cli-firebase"}}
[debug] [2026-02-22T22:48:01.316Z] <<< [apiv2][status] POST https://firebasehosting.googleapis.com/v1beta1/projects/-/sites/study-buddy-bceaf/versions 200
[debug] [2026-02-22T22:48:01.316Z] <<< [apiv2][body] POST https://firebasehosting.googleapis.com/v1beta1/projects/-/sites/study-buddy-bceaf/versions {"name":"projects/680059336558/sites/study-buddy-bceaf/versions/97604e50ee261979","status":"CREATED","config":{},"labels":{"deployment-tool":"cli-firebase"}}
[info] i  hosting[study-buddy-bceaf]: beginning deploy... 
[info] i  hosting[study-buddy-bceaf]: found 25 files in build 
[debug] [2026-02-22T22:48:01.324Z] [hosting] uploading with 200 concurrency
[debug] [2026-02-22T22:48:01.619Z] [hosting] hash cache [YnVpbGQ] stored for 25 files
[debug] [2026-02-22T22:48:01.619Z] [hosting][hash queue][FINAL] {"max":291,"min":9,"avg":26.84,"active":0,"complete":25,"success":25,"errored":0,"retried":0,"total":25,"elapsed":293}
[debug] [2026-02-22T22:48:01.619Z] >>> [apiv2][query] POST https://firebasehosting.googleapis.com/v1beta1/projects/680059336558/sites/study-buddy-bceaf/versions/97604e50ee261979:populateFiles [none]
[debug] [2026-02-22T22:48:01.619Z] >>> [apiv2][body] POST https://firebasehosting.googleapis.com/v1beta1/projects/680059336558/sites/study-buddy-bceaf/versions/97604e50ee261979:populateFiles {"files":{"/asset-manifest.json":"3a0c9b180a6adf0855fc1397f5e107cf5407364c04f10727862a2b5aac3ee140","/index.html":"2b43baca0362e39b0002db6fdedf01ee03ec80d382ca805d97ad9a106f71058d","/manifest.json":"4e1d3adad9ce7e17c0d13fac197f1c27091906f4ecf3909c9f51247bff345118","/logo512.png":"2356e0b814e58a349935c8de17226873d615d088a867d591fef48a64c80c9a2f","/favicon.ico":"1463be9bedc82e16f9364eec7a1f5152cbe56229401381eed65c1496cb884407","/static/js/787.2b5b9e75.chunk.js":"a41a5020ddc3c20d3555cd753c3c3a64fedd12b196d8b1b475fcb24a9367419a","/robots.txt":"391d14b3c2f8c9143a27a28c7399585142228d4d1bdbe2c87ac946de411fa9a2","/logo192.png":"f66564670b5bfe49f3f04a5b63107bae60f4a7736f1d3b83aa0115f7acf45150","/static/js/787.2b5b9e75.chunk.js.map":"445cb15c398e6f00a6223a603498d714c53292ebaca58eb019405bebd737bccc","/static/js/main.446bb2e6.js.LICENSE.txt":"62b0cfa76b1ce40347c353f4c4ab21800a889e3becd6ff31beb67c301890b1d1","/static/media/success-signup.0bd04d1c40f2bba7168c.avif":"a0624382935d19b9308d0f67a7e0d1c6047c689312d12ba47736430df1a40379","/static/media/logo.6ce24c58023cc2f8fd88fe9d219db6c6.svg":"506619fd46fd6b50bf2d0dae0b42d5bf6a0507807cc84f0e077b5d55f3d1050d","/static/media/unionpay.66c181c1ee91aab4bd83.png":"8f2e7aae7dbf7f9e90905afb0359fa516c0b88c57716991b162ae8242441adc0","/static/media/verify-email.a05ecb1077a2ee3715aa.avif":"dcf234ff79cd66df6fbaebf2379eb55801725cb984503da3adc337d348f13bf4","/static/media/discover.3fe555b85de94d150bb8.png":"72d8e3b5148fa901c98a5001150d8c0ac86aded5256803a657bce57d21bdc84a","/static/media/thank-you.3c07cc17ad3dffdff992.gif":"b9ae38f3ed99b95892382e03b59a69f17fe4b06205bbc65fcc125b7dc6b3e2a9","/static/media/chip.2f54915268cd38e85c5c.png":"5d66cdc967b505a7e9152ac904e3f7599c0a5f7460dfa8121f57dde2e7e8675f","/static/media/credit_card_bg.6d8a73dbacb8217e54df.jpeg":"60414c5c57acc6805f253d8c2bd86e17bb2f7dcf84bc93d07d85098fe78da1b6","/static/css/main.7e602b40.css":"5bb6ccb30caa14073558d56f054745cafe4e6f4c83c5d9c4d1a48114b884c126","/static/media/Study-Budy-Logo.5eec33b90415cce725ea.png":"c8282a4e3e314e28136816945dc20fe97d9858beff138de767c138f8eaa449c8","/Study-Budy-Logo.png":"c8282a4e3e314e28136816945dc20fe97d9858beff138de767c138f8eaa449c8","/static/media/login-worning.a8975f5f4ed0779304cc.png":"48c1d5b305b94b93a3f52a50e09d758507e59a12e5e3d95c12b1cada18a8740f","/static/css/main.7e602b40.css.map":"a4617517c9ee12c05bcb32f16a1941df56787d06d8b4b94989a8af89d947e48a","/static/js/main.446bb2e6.js":"4bc5b3a292e94aefdd89d74dc8813e0384edd371d0fa579487ece2d58dbf0082","/static/js/main.446bb2e6.js.map":"55996b06e08eea666c2dd7120a699171217eed2e116eaebebb4c853e4b8fe283"}}
